<?xml version="1.0" encoding="UTF-8"?>
<testsuite name="com.dgordon.taxcalc.TaxcalcApplicationTests" tests="1" skipped="0" failures="0" errors="0" timestamp="2019-09-07T15:53:29" hostname="Davids-MBP" time="0.746">
  <properties/>
  <testcase name="contextLoads" classname="com.dgordon.taxcalc.TaxcalcApplicationTests" time="0.746"/>
  <system-out><![CDATA[10:53:26.733 [Test worker] DEBUG org.springframework.test.context.junit4.SpringJUnit4ClassRunner - SpringJUnit4ClassRunner constructor called with [class com.dgordon.taxcalc.TaxcalcApplicationTests]
10:53:26.742 [Test worker] DEBUG org.springframework.test.context.BootstrapUtils - Instantiating CacheAwareContextLoaderDelegate from class [org.springframework.test.context.cache.DefaultCacheAwareContextLoaderDelegate]
10:53:26.755 [Test worker] DEBUG org.springframework.test.context.BootstrapUtils - Instantiating BootstrapContext using constructor [public org.springframework.test.context.support.DefaultBootstrapContext(java.lang.Class,org.springframework.test.context.CacheAwareContextLoaderDelegate)]
10:53:26.778 [Test worker] DEBUG org.springframework.test.context.BootstrapUtils - Instantiating TestContextBootstrapper for test class [com.dgordon.taxcalc.TaxcalcApplicationTests] from class [org.springframework.boot.test.context.SpringBootTestContextBootstrapper]
10:53:26.792 [Test worker] INFO org.springframework.boot.test.context.SpringBootTestContextBootstrapper - Neither @ContextConfiguration nor @ContextHierarchy found for test class [com.dgordon.taxcalc.TaxcalcApplicationTests], using SpringBootContextLoader
10:53:26.796 [Test worker] DEBUG org.springframework.test.context.support.AbstractContextLoader - Did not detect default resource location for test class [com.dgordon.taxcalc.TaxcalcApplicationTests]: class path resource [com/dgordon/taxcalc/TaxcalcApplicationTests-context.xml] does not exist
10:53:26.797 [Test worker] DEBUG org.springframework.test.context.support.AbstractContextLoader - Did not detect default resource location for test class [com.dgordon.taxcalc.TaxcalcApplicationTests]: class path resource [com/dgordon/taxcalc/TaxcalcApplicationTestsContext.groovy] does not exist
10:53:26.798 [Test worker] INFO org.springframework.test.context.support.AbstractContextLoader - Could not detect default resource locations for test class [com.dgordon.taxcalc.TaxcalcApplicationTests]: no resource found for suffixes {-context.xml, Context.groovy}.
10:53:26.799 [Test worker] INFO org.springframework.test.context.support.AnnotationConfigContextLoaderUtils - Could not detect default configuration classes for test class [com.dgordon.taxcalc.TaxcalcApplicationTests]: TaxcalcApplicationTests does not declare any static, non-private, non-final, nested classes annotated with @Configuration.
10:53:26.858 [Test worker] DEBUG org.springframework.test.context.support.ActiveProfilesUtils - Could not find an 'annotation declaring class' for annotation type [org.springframework.test.context.ActiveProfiles] and class [com.dgordon.taxcalc.TaxcalcApplicationTests]
10:53:26.931 [Test worker] DEBUG org.springframework.context.annotation.ClassPathScanningCandidateComponentProvider - Identified candidate component class: file [/Users/davidgordon/Development/tax-calc/build/classes/java/main/com/dgordon/taxcalc/TaxcalcApplication.class]
10:53:26.933 [Test worker] INFO org.springframework.boot.test.context.SpringBootTestContextBootstrapper - Found @SpringBootConfiguration com.dgordon.taxcalc.TaxcalcApplication for test class com.dgordon.taxcalc.TaxcalcApplicationTests
10:53:27.038 [Test worker] DEBUG org.springframework.boot.test.context.SpringBootTestContextBootstrapper - @TestExecutionListeners is not present for class [com.dgordon.taxcalc.TaxcalcApplicationTests]: using defaults.
10:53:27.039 [Test worker] INFO org.springframework.boot.test.context.SpringBootTestContextBootstrapper - Loaded default TestExecutionListener class names from location [META-INF/spring.factories]: [org.springframework.boot.test.autoconfigure.restdocs.RestDocsTestExecutionListener, org.springframework.boot.test.autoconfigure.web.client.MockRestServiceServerResetTestExecutionListener, org.springframework.boot.test.autoconfigure.web.servlet.MockMvcPrintOnlyOnFailureTestExecutionListener, org.springframework.boot.test.autoconfigure.web.servlet.WebDriverTestExecutionListener, org.springframework.boot.test.mock.mockito.MockitoTestExecutionListener, org.springframework.boot.test.mock.mockito.ResetMocksTestExecutionListener, org.springframework.test.context.web.ServletTestExecutionListener, org.springframework.test.context.support.DirtiesContextBeforeModesTestExecutionListener, org.springframework.test.context.support.DependencyInjectionTestExecutionListener, org.springframework.test.context.support.DirtiesContextTestExecutionListener, org.springframework.test.context.transaction.TransactionalTestExecutionListener, org.springframework.test.context.jdbc.SqlScriptsTestExecutionListener]
10:53:27.053 [Test worker] DEBUG org.springframework.boot.test.context.SpringBootTestContextBootstrapper - Skipping candidate TestExecutionListener [org.springframework.test.context.transaction.TransactionalTestExecutionListener] due to a missing dependency. Specify custom listener classes or make the default listener classes and their required dependencies available. Offending class: [org/springframework/transaction/interceptor/TransactionAttributeSource]
10:53:27.054 [Test worker] DEBUG org.springframework.boot.test.context.SpringBootTestContextBootstrapper - Skipping candidate TestExecutionListener [org.springframework.test.context.jdbc.SqlScriptsTestExecutionListener] due to a missing dependency. Specify custom listener classes or make the default listener classes and their required dependencies available. Offending class: [org/springframework/transaction/interceptor/TransactionAttribute]
10:53:27.055 [Test worker] INFO org.springframework.boot.test.context.SpringBootTestContextBootstrapper - Using TestExecutionListeners: [org.springframework.test.context.web.ServletTestExecutionListener@6ec15660, org.springframework.test.context.support.DirtiesContextBeforeModesTestExecutionListener@351076a1, org.springframework.boot.test.mock.mockito.MockitoTestExecutionListener@cb3c9d0, org.springframework.boot.test.autoconfigure.SpringBootDependencyInjectionTestExecutionListener@1617fcc7, org.springframework.test.context.support.DirtiesContextTestExecutionListener@7281ca33, org.springframework.boot.test.autoconfigure.restdocs.RestDocsTestExecutionListener@44921fbc, org.springframework.boot.test.autoconfigure.web.client.MockRestServiceServerResetTestExecutionListener@567db3b7, org.springframework.boot.test.autoconfigure.web.servlet.MockMvcPrintOnlyOnFailureTestExecutionListener@7fa59c7b, org.springframework.boot.test.autoconfigure.web.servlet.WebDriverTestExecutionListener@30901ee, org.springframework.boot.test.mock.mockito.ResetMocksTestExecutionListener@573281cc]
10:53:27.058 [Test worker] DEBUG org.springframework.test.annotation.ProfileValueUtils - Retrieved @ProfileValueSourceConfiguration [null] for test class [com.dgordon.taxcalc.TaxcalcApplicationTests]
10:53:27.059 [Test worker] DEBUG org.springframework.test.annotation.ProfileValueUtils - Retrieved ProfileValueSource type [class org.springframework.test.annotation.SystemProfileValueSource] for class [com.dgordon.taxcalc.TaxcalcApplicationTests]
10:53:27.060 [Test worker] DEBUG org.springframework.test.annotation.ProfileValueUtils - Retrieved @ProfileValueSourceConfiguration [null] for test class [com.dgordon.taxcalc.TaxcalcApplicationTests]
10:53:27.060 [Test worker] DEBUG org.springframework.test.annotation.ProfileValueUtils - Retrieved ProfileValueSource type [class org.springframework.test.annotation.SystemProfileValueSource] for class [com.dgordon.taxcalc.TaxcalcApplicationTests]
10:53:27.066 [Test worker] DEBUG org.springframework.test.context.support.AbstractDirtiesContextTestExecutionListener - Before test class: context [DefaultTestContext@3cce93b4 testClass = TaxcalcApplicationTests, testInstance = [null], testMethod = [null], testException = [null], mergedContextConfiguration = [WebMergedContextConfiguration@134d112 testClass = TaxcalcApplicationTests, locations = '{}', classes = '{class com.dgordon.taxcalc.TaxcalcApplication}', contextInitializerClasses = '[]', activeProfiles = '{}', propertySourceLocations = '{}', propertySourceProperties = '{org.springframework.boot.test.context.SpringBootTestContextBootstrapper=true}', contextCustomizers = set[org.springframework.boot.test.autoconfigure.properties.PropertyMappingContextCustomizer@0, org.springframework.boot.test.autoconfigure.web.servlet.WebDriverContextCustomizerFactory$Customizer@3f7cd6c4, org.springframework.boot.test.context.filter.ExcludeFilterContextCustomizer@1468207a, org.springframework.boot.test.json.DuplicateJsonObjectContextCustomizerFactory$DuplicateJsonObjectContextCustomizer@bc54dab, org.springframework.boot.test.mock.mockito.MockitoContextCustomizer@0, org.springframework.boot.test.web.client.TestRestTemplateContextCustomizer@50dde606], resourceBasePath = 'src/main/webapp', contextLoader = 'org.springframework.boot.test.context.SpringBootContextLoader', parent = [null]], attributes = map['org.springframework.test.context.web.ServletTestExecutionListener.activateListener' -> true]], class annotated with @DirtiesContext [false] with mode [null].
10:53:27.067 [Test worker] DEBUG org.springframework.test.annotation.ProfileValueUtils - Retrieved @ProfileValueSourceConfiguration [null] for test class [com.dgordon.taxcalc.TaxcalcApplicationTests]
10:53:27.068 [Test worker] DEBUG org.springframework.test.annotation.ProfileValueUtils - Retrieved ProfileValueSource type [class org.springframework.test.annotation.SystemProfileValueSource] for class [com.dgordon.taxcalc.TaxcalcApplicationTests]
10:53:27.090 [Test worker] DEBUG org.springframework.test.context.support.TestPropertySourceUtils - Adding inlined properties to environment: {spring.jmx.enabled=false, org.springframework.boot.test.context.SpringBootTestContextBootstrapper=true, server.port=-1}

  .   ____          _            __ _ _
 /\\ / ___'_ __ _ _(_)_ __  __ _ \ \ \ \
( ( )\___ | '_ | '_| | '_ \/ _` | \ \ \ \
 \\/  ___)| |_)| | | | | || (_| |  ) ) ) )
  '  |____| .__|_| |_|_| |_\__, | / / / /
 =========|_|==============|___/=/_/_/_/
 :: Spring Boot ::        (v2.1.8.RELEASE)

2019-09-07 10:53:27.487  INFO 73981 --- [    Test worker] c.d.taxcalc.TaxcalcApplicationTests      : Starting TaxcalcApplicationTests on Davids-MBP with PID 73981 (started by davidgordon in /Users/davidgordon/Development/tax-calc)
2019-09-07 10:53:27.489  INFO 73981 --- [    Test worker] c.d.taxcalc.TaxcalcApplicationTests      : No active profile set, falling back to default profiles: default
2019-09-07 10:53:29.210  INFO 73981 --- [    Test worker] o.s.s.concurrent.ThreadPoolTaskExecutor  : Initializing ExecutorService 'applicationTaskExecutor'
2019-09-07 10:53:29.500  INFO 73981 --- [    Test worker] c.d.taxcalc.TaxcalcApplicationTests      : Started TaxcalcApplicationTests in 2.398 seconds (JVM running for 3.468)
]]></system-out>
  <system-err><![CDATA[]]></system-err>
</testsuite>
